[0.390s] DEBUG:colcon:Command line arguments: ['/usr/bin/colcon', 'build', '--symlink-install']
[0.390s] DEBUG:colcon:Parsed command line arguments: Namespace(allow_overriding=[], ament_cmake_args=None, base_paths=['.'], build_base='build', catkin_cmake_args=None, catkin_skip_building_tests=False, cmake_args=None, cmake_clean_cache=False, cmake_clean_first=False, cmake_force_configure=False, cmake_target=None, cmake_target_skip_unavailable=False, continue_on_error=False, event_handlers=None, executor='parallel', ignore_user_meta=False, install_base='install', log_base=None, log_level=None, main=<bound method BuildVerb.main of <colcon_core.verb.build.BuildVerb object at 0x7fe4e25482e0>>, merge_install=False, metas=['./colcon.meta'], packages_above=None, packages_above_and_dependencies=None, packages_above_depth=None, packages_end=None, packages_ignore=None, packages_ignore_regex=None, packages_select=None, packages_select_build_failed=False, packages_select_by_dep=None, packages_select_regex=None, packages_select_test_failures=False, packages_skip=None, packages_skip_build_finished=False, packages_skip_by_dep=None, packages_skip_regex=None, packages_skip_test_passed=False, packages_skip_up_to=None, packages_start=None, packages_up_to=None, packages_up_to_regex=None, parallel_workers=8, paths=None, symlink_install=True, test_result_base=None, verb_extension=<colcon_core.verb.build.BuildVerb object at 0x7fe4e25482e0>, verb_name='build', verb_parser=<colcon_defaults.argument_parser.defaults.DefaultArgumentsDecorator object at 0x7fe4e2548820>)
[0.452s] Level 1:colcon.colcon_core.package_discovery:discover_packages(colcon_meta) check parameters
[0.453s] Level 1:colcon.colcon_core.package_discovery:discover_packages(recursive) check parameters
[0.453s] Level 1:colcon.colcon_core.package_discovery:discover_packages(ignore) check parameters
[0.453s] Level 1:colcon.colcon_core.package_discovery:discover_packages(path) check parameters
[0.453s] Level 1:colcon.colcon_core.package_discovery:discover_packages(colcon_meta) discover
[0.453s] Level 1:colcon.colcon_core.package_discovery:discover_packages(recursive) discover
[0.453s] INFO:colcon.colcon_core.package_discovery:Crawling recursively for packages in '/home/luc/projects/billee_ws/src/billee_bot'
[0.453s] Level 1:colcon.colcon_core.package_identification:_identify(.) by extensions ['ignore', 'ignore_ament_install']
[0.454s] Level 1:colcon.colcon_core.package_identification:_identify(.) by extension 'ignore'
[0.454s] Level 1:colcon.colcon_core.package_identification:_identify(.) by extension 'ignore_ament_install'
[0.454s] Level 1:colcon.colcon_core.package_identification:_identify(.) by extensions ['colcon_pkg']
[0.454s] Level 1:colcon.colcon_core.package_identification:_identify(.) by extension 'colcon_pkg'
[0.454s] Level 1:colcon.colcon_core.package_identification:_identify(.) by extensions ['colcon_meta']
[0.454s] Level 1:colcon.colcon_core.package_identification:_identify(.) by extension 'colcon_meta'
[0.454s] Level 1:colcon.colcon_core.package_identification:_identify(.) by extensions ['ros']
[0.454s] Level 1:colcon.colcon_core.package_identification:_identify(.) by extension 'ros'
[0.480s] DEBUG:colcon.colcon_core.package_identification:Package '.' with type 'ros.ament_cmake' and name 'billee_bot'
[0.480s] Level 1:colcon.colcon_core.package_discovery:discover_packages(recursive) using defaults
[0.480s] Level 1:colcon.colcon_core.package_discovery:discover_packages(ignore) discover
[0.480s] Level 1:colcon.colcon_core.package_discovery:discover_packages(ignore) using defaults
[0.480s] Level 1:colcon.colcon_core.package_discovery:discover_packages(path) discover
[0.480s] Level 1:colcon.colcon_core.package_discovery:discover_packages(path) using defaults
[0.500s] Level 1:colcon.colcon_core.package_discovery:discover_packages(prefix_path) check parameters
[0.501s] Level 1:colcon.colcon_core.package_discovery:discover_packages(prefix_path) discover
[0.504s] DEBUG:colcon.colcon_installed_package_information.package_discovery:Found 266 installed packages in /opt/ros/foxy
[0.506s] Level 1:colcon.colcon_core.package_discovery:discover_packages(prefix_path) using defaults
[0.573s] Level 5:colcon.colcon_core.verb:set package 'billee_bot' build argument 'cmake_args' from command line to 'None'
[0.574s] Level 5:colcon.colcon_core.verb:set package 'billee_bot' build argument 'cmake_target' from command line to 'None'
[0.574s] Level 5:colcon.colcon_core.verb:set package 'billee_bot' build argument 'cmake_target_skip_unavailable' from command line to 'False'
[0.574s] Level 5:colcon.colcon_core.verb:set package 'billee_bot' build argument 'cmake_clean_cache' from command line to 'False'
[0.574s] Level 5:colcon.colcon_core.verb:set package 'billee_bot' build argument 'cmake_clean_first' from command line to 'False'
[0.574s] Level 5:colcon.colcon_core.verb:set package 'billee_bot' build argument 'cmake_force_configure' from command line to 'False'
[0.574s] Level 5:colcon.colcon_core.verb:set package 'billee_bot' build argument 'ament_cmake_args' from command line to 'None'
[0.574s] Level 5:colcon.colcon_core.verb:set package 'billee_bot' build argument 'catkin_cmake_args' from command line to 'None'
[0.574s] Level 5:colcon.colcon_core.verb:set package 'billee_bot' build argument 'catkin_skip_building_tests' from command line to 'False'
[0.575s] DEBUG:colcon.colcon_core.verb:Building package 'billee_bot' with the following arguments: {'ament_cmake_args': None, 'build_base': '/home/luc/projects/billee_ws/src/billee_bot/build/billee_bot', 'catkin_cmake_args': None, 'catkin_skip_building_tests': False, 'cmake_args': None, 'cmake_clean_cache': False, 'cmake_clean_first': False, 'cmake_force_configure': False, 'cmake_target': None, 'cmake_target_skip_unavailable': False, 'install_base': '/home/luc/projects/billee_ws/src/billee_bot/install/billee_bot', 'merge_install': False, 'path': '/home/luc/projects/billee_ws/src/billee_bot', 'symlink_install': True, 'test_result_base': None}
[0.577s] INFO:colcon.colcon_core.executor:Executing jobs using 'parallel' executor
[0.585s] DEBUG:colcon.colcon_parallel_executor.executor.parallel:run_until_complete
[0.587s] INFO:colcon.colcon_ros.task.ament_cmake.build:Building ROS package in '/home/luc/projects/billee_ws/src/billee_bot' with build type 'ament_cmake'
[0.588s] INFO:colcon.colcon_cmake.task.cmake.build:Building CMake package in '/home/luc/projects/billee_ws/src/billee_bot'
[0.598s] INFO:colcon.colcon_core.plugin_system:Skipping extension 'colcon_core.shell.bat': Not used on non-Windows systems
[0.599s] INFO:colcon.colcon_core.shell:Skip shell extension 'powershell' for command environment: Not usable outside of PowerShell
[0.599s] DEBUG:colcon.colcon_core.shell:Skip shell extension 'dsv' for command environment
[0.631s] DEBUG:colcon.colcon_core.event_handler.log_command:Invoking command in '/home/luc/projects/billee_ws/src/billee_bot/build/billee_bot': CMAKE_PREFIX_PATH=/opt/ros/foxy /usr/bin/cmake /home/luc/projects/billee_ws/src/billee_bot -DAMENT_CMAKE_SYMLINK_INSTALL=1 -DCMAKE_INSTALL_PREFIX=/home/luc/projects/billee_ws/src/billee_bot/install/billee_bot
[3.299s] DEBUG:colcon.colcon_core.event_handler.log_command:Invoked command in '/home/luc/projects/billee_ws/src/billee_bot/build/billee_bot' returned '0': CMAKE_PREFIX_PATH=/opt/ros/foxy /usr/bin/cmake /home/luc/projects/billee_ws/src/billee_bot -DAMENT_CMAKE_SYMLINK_INSTALL=1 -DCMAKE_INSTALL_PREFIX=/home/luc/projects/billee_ws/src/billee_bot/install/billee_bot
[3.305s] DEBUG:colcon.colcon_core.event_handler.log_command:Invoking command in '/home/luc/projects/billee_ws/src/billee_bot/build/billee_bot': CMAKE_PREFIX_PATH=/opt/ros/foxy /usr/bin/cmake --build /home/luc/projects/billee_ws/src/billee_bot/build/billee_bot -- -j8 -l8
[3.428s] DEBUG:colcon.colcon_core.event_handler.log_command:Invoked command in '/home/luc/projects/billee_ws/src/billee_bot/build/billee_bot' returned '0': CMAKE_PREFIX_PATH=/opt/ros/foxy /usr/bin/cmake --build /home/luc/projects/billee_ws/src/billee_bot/build/billee_bot -- -j8 -l8
[3.583s] DEBUG:colcon.colcon_core.event_handler.log_command:Invoking command in '/home/luc/projects/billee_ws/src/billee_bot/build/billee_bot': CMAKE_PREFIX_PATH=/opt/ros/foxy /usr/bin/cmake --install /home/luc/projects/billee_ws/src/billee_bot/build/billee_bot
[4.438s] Level 1:colcon.colcon_core.environment:create_environment_scripts_only(billee_bot)
[4.445s] DEBUG:colcon.colcon_core.event_handler.log_command:Invoked command in '/home/luc/projects/billee_ws/src/billee_bot/build/billee_bot' returned '0': CMAKE_PREFIX_PATH=/opt/ros/foxy /usr/bin/cmake --install /home/luc/projects/billee_ws/src/billee_bot/build/billee_bot
[4.453s] Level 1:colcon.colcon_core.environment:checking '/home/luc/projects/billee_ws/src/billee_bot/install/billee_bot' for CMake module files
[4.454s] Level 1:colcon.colcon_core.environment:checking '/home/luc/projects/billee_ws/src/billee_bot/install/billee_bot' for CMake config files
[4.455s] Level 1:colcon.colcon_core.shell:create_environment_hook('billee_bot', 'cmake_prefix_path')
[4.457s] INFO:colcon.colcon_core.shell:Creating environment hook '/home/luc/projects/billee_ws/src/billee_bot/install/billee_bot/share/billee_bot/hook/cmake_prefix_path.ps1'
[4.458s] INFO:colcon.colcon_core.shell:Creating environment descriptor '/home/luc/projects/billee_ws/src/billee_bot/install/billee_bot/share/billee_bot/hook/cmake_prefix_path.dsv'
[4.459s] INFO:colcon.colcon_core.shell:Creating environment hook '/home/luc/projects/billee_ws/src/billee_bot/install/billee_bot/share/billee_bot/hook/cmake_prefix_path.sh'
[4.461s] Level 1:colcon.colcon_core.environment:checking '/home/luc/projects/billee_ws/src/billee_bot/install/billee_bot/bin'
[4.466s] Level 1:colcon.colcon_core.environment:checking '/home/luc/projects/billee_ws/src/billee_bot/install/billee_bot/lib/pkgconfig/billee_bot.pc'
[4.467s] Level 1:colcon.colcon_core.environment:checking '/home/luc/projects/billee_ws/src/billee_bot/install/billee_bot/lib/python3.8/site-packages'
[4.467s] Level 1:colcon.colcon_core.environment:checking '/home/luc/projects/billee_ws/src/billee_bot/install/billee_bot/bin'
[4.469s] INFO:colcon.colcon_core.shell:Creating package script '/home/luc/projects/billee_ws/src/billee_bot/install/billee_bot/share/billee_bot/package.ps1'
[4.470s] INFO:colcon.colcon_core.shell:Creating package descriptor '/home/luc/projects/billee_ws/src/billee_bot/install/billee_bot/share/billee_bot/package.dsv'
[4.471s] INFO:colcon.colcon_core.shell:Creating package script '/home/luc/projects/billee_ws/src/billee_bot/install/billee_bot/share/billee_bot/package.sh'
[4.473s] INFO:colcon.colcon_core.shell:Creating package script '/home/luc/projects/billee_ws/src/billee_bot/install/billee_bot/share/billee_bot/package.bash'
[4.474s] INFO:colcon.colcon_core.shell:Creating package script '/home/luc/projects/billee_ws/src/billee_bot/install/billee_bot/share/billee_bot/package.zsh'
[4.475s] Level 1:colcon.colcon_core.environment:create_file_with_runtime_dependencies(/home/luc/projects/billee_ws/src/billee_bot/install/billee_bot/share/colcon-core/packages/billee_bot)
[4.550s] Level 1:colcon.colcon_core.environment:create_environment_scripts_only(billee_bot)
[4.556s] Level 1:colcon.colcon_core.environment:checking '/home/luc/projects/billee_ws/src/billee_bot/install/billee_bot' for CMake module files
[4.558s] Level 1:colcon.colcon_core.environment:checking '/home/luc/projects/billee_ws/src/billee_bot/install/billee_bot' for CMake config files
[4.560s] Level 1:colcon.colcon_core.shell:create_environment_hook('billee_bot', 'cmake_prefix_path')
[4.563s] INFO:colcon.colcon_core.shell:Creating environment hook '/home/luc/projects/billee_ws/src/billee_bot/install/billee_bot/share/billee_bot/hook/cmake_prefix_path.ps1'
[4.566s] INFO:colcon.colcon_core.shell:Creating environment descriptor '/home/luc/projects/billee_ws/src/billee_bot/install/billee_bot/share/billee_bot/hook/cmake_prefix_path.dsv'
[4.574s] INFO:colcon.colcon_core.shell:Creating environment hook '/home/luc/projects/billee_ws/src/billee_bot/install/billee_bot/share/billee_bot/hook/cmake_prefix_path.sh'
[4.576s] Level 1:colcon.colcon_core.environment:checking '/home/luc/projects/billee_ws/src/billee_bot/install/billee_bot/bin'
[4.576s] Level 1:colcon.colcon_core.environment:checking '/home/luc/projects/billee_ws/src/billee_bot/install/billee_bot/lib/pkgconfig/billee_bot.pc'
[4.577s] Level 1:colcon.colcon_core.environment:checking '/home/luc/projects/billee_ws/src/billee_bot/install/billee_bot/lib/python3.8/site-packages'
[4.578s] Level 1:colcon.colcon_core.environment:checking '/home/luc/projects/billee_ws/src/billee_bot/install/billee_bot/bin'
[4.582s] INFO:colcon.colcon_core.shell:Creating package script '/home/luc/projects/billee_ws/src/billee_bot/install/billee_bot/share/billee_bot/package.ps1'
[4.584s] INFO:colcon.colcon_core.shell:Creating package descriptor '/home/luc/projects/billee_ws/src/billee_bot/install/billee_bot/share/billee_bot/package.dsv'
[4.586s] INFO:colcon.colcon_core.shell:Creating package script '/home/luc/projects/billee_ws/src/billee_bot/install/billee_bot/share/billee_bot/package.sh'
[4.588s] INFO:colcon.colcon_core.shell:Creating package script '/home/luc/projects/billee_ws/src/billee_bot/install/billee_bot/share/billee_bot/package.bash'
[4.590s] INFO:colcon.colcon_core.shell:Creating package script '/home/luc/projects/billee_ws/src/billee_bot/install/billee_bot/share/billee_bot/package.zsh'
[4.591s] Level 1:colcon.colcon_core.environment:create_file_with_runtime_dependencies(/home/luc/projects/billee_ws/src/billee_bot/install/billee_bot/share/colcon-core/packages/billee_bot)
[4.592s] DEBUG:colcon.colcon_parallel_executor.executor.parallel:closing loop
[4.594s] DEBUG:colcon.colcon_parallel_executor.executor.parallel:loop closed
[4.594s] DEBUG:colcon.colcon_parallel_executor.executor.parallel:run_until_complete finished with '0'
[4.594s] DEBUG:colcon.colcon_core.event_reactor:joining thread
[4.605s] INFO:colcon.colcon_core.plugin_system:Skipping extension 'colcon_notification.desktop_notification.terminal_notifier': Not used on non-Darwin systems
[4.606s] INFO:colcon.colcon_core.plugin_system:Skipping extension 'colcon_notification.desktop_notification.win32': Not used on non-Windows systems
[4.606s] INFO:colcon.colcon_notification.desktop_notification:Sending desktop notification using 'notify2'
[4.630s] DEBUG:colcon.colcon_core.event_reactor:joined thread
[4.633s] INFO:colcon.colcon_core.shell:Creating prefix script '/home/luc/projects/billee_ws/src/billee_bot/install/local_setup.ps1'
[4.635s] INFO:colcon.colcon_core.shell:Creating prefix util module '/home/luc/projects/billee_ws/src/billee_bot/install/_local_setup_util_ps1.py'
[4.638s] INFO:colcon.colcon_core.shell:Creating prefix chain script '/home/luc/projects/billee_ws/src/billee_bot/install/setup.ps1'
[4.646s] INFO:colcon.colcon_core.shell:Creating prefix script '/home/luc/projects/billee_ws/src/billee_bot/install/local_setup.sh'
[4.647s] INFO:colcon.colcon_core.shell:Creating prefix util module '/home/luc/projects/billee_ws/src/billee_bot/install/_local_setup_util_sh.py'
[4.648s] INFO:colcon.colcon_core.shell:Creating prefix chain script '/home/luc/projects/billee_ws/src/billee_bot/install/setup.sh'
[4.650s] INFO:colcon.colcon_core.shell:Creating prefix script '/home/luc/projects/billee_ws/src/billee_bot/install/local_setup.bash'
[4.651s] INFO:colcon.colcon_core.shell:Creating prefix chain script '/home/luc/projects/billee_ws/src/billee_bot/install/setup.bash'
[4.652s] INFO:colcon.colcon_core.shell:Creating prefix script '/home/luc/projects/billee_ws/src/billee_bot/install/local_setup.zsh'
[4.652s] INFO:colcon.colcon_core.shell:Creating prefix chain script '/home/luc/projects/billee_ws/src/billee_bot/install/setup.zsh'
