-- The C compiler identification is GNU 9.4.0
-- The CXX compiler identification is GNU 9.4.0
-- Check for working C compiler: /usr/bin/cc
-- Check for working C compiler: /usr/bin/cc -- works
-- Detecting C compiler ABI info
-- Detecting C compiler ABI info - done
-- Detecting C compile features
-- Detecting C compile features - done
-- Check for working CXX compiler: /usr/bin/c++
-- Check for working CXX compiler: /usr/bin/c++ -- works
-- Detecting CXX compiler ABI info
-- Detecting CXX compiler ABI info - done
-- Detecting CXX compile features
-- Detecting CXX compile features - done
-- Found ament_cmake: 0.9.11 (/opt/ros/foxy/share/ament_cmake/cmake)
-- Found PythonInterp: /usr/bin/python3 (found suitable version "3.8.10", minimum required is "3") 
-- Using PYTHON_EXECUTABLE: /usr/bin/python3
-- Override CMake install command with custom implementation using symlinks instead of copying resources
-- Found ament_lint_auto: 0.9.8 (/opt/ros/foxy/share/ament_lint_auto/cmake)
-- Added test 'copyright' to check source files copyright and LICENSE
-- Added test 'cppcheck' to perform static code analysis on C / C++ code
-- Configured cppcheck include dirs: 
-- Configured cppcheck exclude dirs and/or files: 
-- Added test 'cpplint' to check C / C++ code against the Google style
-- Configured cpplint exclude dirs and/or files: 
-- Added test 'flake8' to check Python code syntax and style conventions
-- Added test 'lint_cmake' to check CMake code style
-- Added test 'pep257' to check Python code against some of the style conventions in PEP 257
-- Added test 'uncrustify' to check C / C++ code style
-- Configured uncrustify additional arguments: 
-- Added test 'xmllint' to check XML markup files
-- Configuring done
-- Generating done
-- Build files have been written to: /home/luc/projects/billee_ws/src/billee_bot/build/billee_bot
-- Install configuration: ""
-- Execute custom install script
-- Symlinking: /home/luc/projects/billee_ws/src/billee_bot/install/billee_bot/share/billee_bot/config/depth_camera.rviz
-- Symlinking: /home/luc/projects/billee_ws/src/billee_bot/install/billee_bot/share/billee_bot/config/drive_bot.rviz
-- Symlinking: /home/luc/projects/billee_ws/src/billee_bot/install/billee_bot/share/billee_bot/config/empty.yaml
-- Symlinking: /home/luc/projects/billee_ws/src/billee_bot/install/billee_bot/share/billee_bot/config/joint_names_Total Assembly URDF and meshes.yaml
-- Symlinking: /home/luc/projects/billee_ws/src/billee_bot/install/billee_bot/share/billee_bot/config/view_bot.rviz
-- Symlinking: /home/luc/projects/billee_ws/src/billee_bot/install/billee_bot/share/billee_bot/description/Total Assembly URDF and meshes.csv
-- Symlinking: /home/luc/projects/billee_ws/src/billee_bot/install/billee_bot/share/billee_bot/description/full_robot.xacro
-- Symlinking: /home/luc/projects/billee_ws/src/billee_bot/install/billee_bot/share/billee_bot/description/gazebo_control.xacro
-- Symlinking: /home/luc/projects/billee_ws/src/billee_bot/install/billee_bot/share/billee_bot/description/inertial_macros.xacro
-- Symlinking: /home/luc/projects/billee_ws/src/billee_bot/install/billee_bot/share/billee_bot/description/robot.urdf.xacro
-- Symlinking: /home/luc/projects/billee_ws/src/billee_bot/install/billee_bot/share/billee_bot/description/robot_core.xacro
-- Symlinking: /home/luc/projects/billee_ws/src/billee_bot/install/billee_bot/share/billee_bot/description/robot_description.xacro
-- Symlinking: /home/luc/projects/billee_ws/src/billee_bot/install/billee_bot/share/billee_bot/launch/launch_sim.launch.py
-- Symlinking: /home/luc/projects/billee_ws/src/billee_bot/install/billee_bot/share/billee_bot/launch/rsp.launch.py
-- Symlinking: /home/luc/projects/billee_ws/src/billee_bot/install/billee_bot/share/billee_bot/launch/smt.txt
-- Symlinking: /home/luc/projects/billee_ws/src/billee_bot/install/billee_bot/share/billee_bot/worlds/cone_obstacles.world
-- Symlinking: /home/luc/projects/billee_ws/src/billee_bot/install/billee_bot/share/billee_bot/worlds/empty.world
-- Symlinking: /home/luc/projects/billee_ws/src/billee_bot/install/billee_bot/share/billee_bot/worlds/obstacles.world
-- Symlinking: /home/luc/projects/billee_ws/src/billee_bot/install/billee_bot/share/ament_index/resource_index/package_run_dependencies/billee_bot
-- Symlinking: /home/luc/projects/billee_ws/src/billee_bot/install/billee_bot/share/ament_index/resource_index/parent_prefix_path/billee_bot
-- Symlinking: /home/luc/projects/billee_ws/src/billee_bot/install/billee_bot/share/billee_bot/environment/ament_prefix_path.sh
-- Symlinking: /home/luc/projects/billee_ws/src/billee_bot/install/billee_bot/share/billee_bot/environment/ament_prefix_path.dsv
-- Symlinking: /home/luc/projects/billee_ws/src/billee_bot/install/billee_bot/share/billee_bot/environment/path.sh
-- Symlinking: /home/luc/projects/billee_ws/src/billee_bot/install/billee_bot/share/billee_bot/environment/path.dsv
-- Symlinking: /home/luc/projects/billee_ws/src/billee_bot/install/billee_bot/share/billee_bot/local_setup.bash
-- Symlinking: /home/luc/projects/billee_ws/src/billee_bot/install/billee_bot/share/billee_bot/local_setup.sh
-- Symlinking: /home/luc/projects/billee_ws/src/billee_bot/install/billee_bot/share/billee_bot/local_setup.zsh
-- Symlinking: /home/luc/projects/billee_ws/src/billee_bot/install/billee_bot/share/billee_bot/local_setup.dsv
-- Symlinking: /home/luc/projects/billee_ws/src/billee_bot/install/billee_bot/share/billee_bot/package.dsv
-- Symlinking: /home/luc/projects/billee_ws/src/billee_bot/install/billee_bot/share/ament_index/resource_index/packages/billee_bot
-- Symlinking: /home/luc/projects/billee_ws/src/billee_bot/install/billee_bot/share/billee_bot/cmake/billee_botConfig.cmake
-- Symlinking: /home/luc/projects/billee_ws/src/billee_bot/install/billee_bot/share/billee_bot/cmake/billee_botConfig-version.cmake
-- Symlinking: /home/luc/projects/billee_ws/src/billee_bot/install/billee_bot/share/billee_bot/package.xml
